Classifier: DecisionTreeClassifier(compute_importances=False, criterion=gini,
            max_depth=None, max_features=None, min_density=0.1,
            min_samples_leaf=1, min_samples_split=2,
            random_state=<mtrand.RandomState object at 0x6b9c138>)
 CV Result: average=0.29975 	std=0.0198573034423


Classifier: GaussianNB()
 CV Result: average=0.3285 	std=0.0322141273357


Classifier: GradientBoostingClassifier(init=PriorProbabilityEstimator(), learn_rate=0.1,
              loss=mdeviance, max_depth=3, max_features=105,
              min_samples_leaf=1, min_samples_split=1, n_estimators=36,
              random_state=<mtrand.RandomState object at 0x6b9c6f0>,
              subsample=1.0)
 CV Result: average=0.43225 	std=0.0270982010473


Classifier: LDA(n_components=None, priors=None)
 CV Result: average=0.44325 	std=0.0273187206875


Classifier: LinearSVC(C=1.0, class_weight=None, dual=True, fit_intercept=True,
     intercept_scaling=1, loss=l2, multi_class=ovr, penalty=l2, tol=0.0001,
     verbose=0)
 CV Result: average=0.43025 	std=0.0119608737139


Classifier: RandomForestClassifier(bootstrap=True, compute_importances=False,
            criterion=gini, max_depth=None, max_features=auto,
            min_density=0.1, min_samples_leaf=1, min_samples_split=1,
            n_estimators=250, n_jobs=1, oob_score=False,
            random_state=<mtrand.RandomState object at 0x4c3dee8>,
            verbose=0)
 CV Result: average=0.4925 	std=0.0238484800354


Classifier: RidgeClassifier(alpha=0.2, class_weight=None, copy_X=True, fit_intercept=True,
        normalize=False, tol=0.001)
 CV Result: average=0.44025 	std=0.0222612331195


Classifier: SVC(C=1.0, cache_size=200, class_weight=None, coef0=0.0, degree=3, gamma=0.0,
  kernel=rbf, probability=False, shrinking=True, tol=0.001, verbose=False)
 CV Result: average=0.49525 	std=0.0115352719951


*** The best classifier is SVC(C=1.0, cache_size=200, class_weight=None, coef0=0.0, degree=3, gamma=0.0,
  kernel=rbf, probability=False, shrinking=True, tol=0.001, verbose=False) ***
