Classifier: DecisionTreeClassifier(compute_importances=False, criterion=gini,
            max_depth=None, max_features=None, min_density=0.1,
            min_samples_leaf=1, min_samples_split=2,
            random_state=<mtrand.RandomState object at 0x8ad9990>)
 CV Result: average=0.3015 	std=0.0276631523872


Classifier: GaussianNB()
 CV Result: average=0.2475 	std=0.0153297097168


Classifier: GradientBoostingClassifier(init=PriorProbabilityEstimator(), learn_rate=0.1,
              loss=mdeviance, max_depth=3, max_features=325,
              min_samples_leaf=1, min_samples_split=1, n_estimators=36,
              random_state=<mtrand.RandomState object at 0x8ad9a20>,
              subsample=1.0)
 CV Result: average=0.39275 	std=0.0216924526045


Classifier: LDA(n_components=None, priors=None)
 CV Result: average=0.3535 	std=0.0224499443206


Classifier: LinearSVC(C=1.0, class_weight=None, dual=True, fit_intercept=True,
     intercept_scaling=1, loss=l2, multi_class=ovr, penalty=l2, tol=0.0001,
     verbose=0)
 CV Result: average=0.3445 	std=0.0124899959968


Classifier: RandomForestClassifier(bootstrap=True, compute_importances=False,
            criterion=gini, max_depth=None, max_features=auto,
            min_density=0.1, min_samples_leaf=1, min_samples_split=1,
            n_estimators=36, n_jobs=1, oob_score=False,
            random_state=<mtrand.RandomState object at 0x8ad9588>,
            verbose=0)
 CV Result: average=0.412 	std=0.0209702169755


Classifier: RidgeClassifier(alpha=0.2, class_weight=None, copy_X=True, fit_intercept=True,
        normalize=False, tol=0.001)
 CV Result: average=0.35975 	std=0.0217787166748


Classifier: SVC(C=1.0, cache_size=200, class_weight=None, coef0=0.0, degree=3, gamma=0.0,
  kernel=rbf, probability=False, shrinking=True, tol=0.001, verbose=False)
 CV Result: average=0.41925 	std=0.0150020831887


*** The best classifier is SVC(C=1.0, cache_size=200, class_weight=None, coef0=0.0, degree=3, gamma=0.0,
  kernel=rbf, probability=False, shrinking=True, tol=0.001, verbose=False) ***
